<?xml version="1.0" encoding="UTF-8" ?>
<testsuite errors="4" failures="0" hostname="Einstein" name="suit.TestSuite3" tests="4" time="0.171" timestamp="2016-06-24T04:17:55">
  <properties>
[...]
</properties>
  <testcase classname="suit.TestJunit1" name="initializationError" time="0.0">
    <error message="Test class should have exactly one public constructor" type="java.lang.Exception">java.lang.Exception: Test class should have exactly one public constructor
	at java.lang.reflect.Constructor.newInstance(Constructor.java:526)
	at java.lang.reflect.Constructor.newInstance(Constructor.java:526)
</error>
    <error message="Class suit.TestJunit1 should be public" type="java.lang.Exception">java.lang.Exception: Class suit.TestJunit1 should be public
	at java.lang.reflect.Constructor.newInstance(Constructor.java:526)
	at java.lang.reflect.Constructor.newInstance(Constructor.java:526)
</error>
  </testcase>
  <testcase classname="suit.TestJunit2" name="initializationError" time="0.0">
    <error message="Test class should have exactly one public constructor" type="java.lang.Exception">java.lang.Exception: Test class should have exactly one public constructor
	at java.lang.reflect.Constructor.newInstance(Constructor.java:526)
	at java.lang.reflect.Constructor.newInstance(Constructor.java:526)
</error>
    <error message="Class suit.TestJunit2 should be public" type="java.lang.Exception">java.lang.Exception: Class suit.TestJunit2 should be public
	at java.lang.reflect.Constructor.newInstance(Constructor.java:526)
	at java.lang.reflect.Constructor.newInstance(Constructor.java:526)
</error>
  </testcase>
  <system-out><![CDATA[]]></system-out>
  <system-err><![CDATA[]]></system-err>
</testsuite>
